<?xml version="1.0" encoding="UTF-8"?>
<!-- Generated by org.testng.reporters.JUnitXMLReporter -->
<testsuite ignored="0" hostname="AMALITECH-PC-10186" failures="0" tests="4" name="Default test" time="21.163" errors="0" timestamp="2023-08-07T15:32:18 GMT">
  <testcase classname="testcases.Laptops" name="laptopSection" time="0.141"/>
  <testcase classname="testcases.Login" name="LoginCancelTest" time="1.14"/>
  <testcase classname="testcases.Login" name="negativetiveLoginTest" time="1.089"/>
  <testcase classname="testcases.Login" name="positiveLoginTest" time="1.015"/>
</testsuite> <!-- Default test -->
