<?xml version="1.0" encoding="UTF-8"?>
<!-- Generated by org.testng.reporters.JUnitXMLReporter -->
<testsuite ignored="0" hostname="AMALITECH-PC-10186" failures="0" tests="3" name="Default test" time="18.05" errors="0" timestamp="2023-08-07T12:45:35 GMT">
  <testcase classname="testcases.Login" name="LoginCancelTest" time="1.716"/>
  <testcase classname="testcases.Login" name="negativetiveLoginTest" time="2.035"/>
  <testcase classname="testcases.Login" name="positiveLoginTest" time="1.676"/>
</testsuite> <!-- Default test -->
