<?xml version="1.0" encoding="UTF-8"?>
<testng-results ignored="0" total="3" passed="3" failed="0" skipped="0">
  <reporter-output>
  </reporter-output>
  <suite started-at="2023-08-07T12:45:17 GMT" name="Default suite" finished-at="2023-08-07T12:45:35 GMT" duration-ms="18050">
    <groups>
    </groups>
    <test started-at="2023-08-07T12:45:17 GMT" name="Default test" finished-at="2023-08-07T12:45:35 GMT" duration-ms="18050">
      <class name="testcases.Login">
        <test-method is-config="true" signature="setUp()[pri:0, instance:testcases.Login@5c3b6c6e]" started-at="2023-08-07T12:45:17 GMT" name="setUp" finished-at="2023-08-07T12:45:22 GMT" duration-ms="5272" status="PASS">
          <reporter-output>
          </reporter-output>
        </test-method> <!-- setUp -->
        <test-method signature="LoginCancelTest()[pri:0, instance:testcases.Login@5c3b6c6e]" started-at="2023-08-07T12:45:22 GMT" name="LoginCancelTest" finished-at="2023-08-07T12:45:24 GMT" duration-ms="1716" status="PASS">
          <reporter-output>
          </reporter-output>
        </test-method> <!-- LoginCancelTest -->
        <test-method is-config="true" signature="tearDown()[pri:0, instance:testcases.Login@5c3b6c6e]" started-at="2023-08-07T12:45:24 GMT" name="tearDown" finished-at="2023-08-07T12:45:24 GMT" duration-ms="184" status="PASS">
          <reporter-output>
          </reporter-output>
        </test-method> <!-- tearDown -->
        <test-method is-config="true" signature="setUp()[pri:0, instance:testcases.Login@5c3b6c6e]" started-at="2023-08-07T12:45:24 GMT" name="setUp" finished-at="2023-08-07T12:45:27 GMT" duration-ms="3204" status="PASS">
          <reporter-output>
          </reporter-output>
        </test-method> <!-- setUp -->
        <test-method signature="negativetiveLoginTest()[pri:0, instance:testcases.Login@5c3b6c6e]" started-at="2023-08-07T12:45:27 GMT" name="negativetiveLoginTest" finished-at="2023-08-07T12:45:29 GMT" duration-ms="2035" status="PASS">
          <reporter-output>
          </reporter-output>
        </test-method> <!-- negativetiveLoginTest -->
        <test-method is-config="true" signature="tearDown()[pri:0, instance:testcases.Login@5c3b6c6e]" started-at="2023-08-07T12:45:29 GMT" name="tearDown" finished-at="2023-08-07T12:45:29 GMT" duration-ms="242" status="PASS">
          <reporter-output>
          </reporter-output>
        </test-method> <!-- tearDown -->
        <test-method is-config="true" signature="setUp()[pri:0, instance:testcases.Login@5c3b6c6e]" started-at="2023-08-07T12:45:29 GMT" name="setUp" finished-at="2023-08-07T12:45:33 GMT" duration-ms="3452" status="PASS">
          <reporter-output>
          </reporter-output>
        </test-method> <!-- setUp -->
        <test-method signature="positiveLoginTest()[pri:0, instance:testcases.Login@5c3b6c6e]" started-at="2023-08-07T12:45:33 GMT" name="positiveLoginTest" finished-at="2023-08-07T12:45:34 GMT" duration-ms="1676" status="PASS">
          <reporter-output>
          </reporter-output>
        </test-method> <!-- positiveLoginTest -->
        <test-method is-config="true" signature="tearDown()[pri:0, instance:testcases.Login@5c3b6c6e]" started-at="2023-08-07T12:45:34 GMT" name="tearDown" finished-at="2023-08-07T12:45:35 GMT" duration-ms="174" status="PASS">
          <reporter-output>
          </reporter-output>
        </test-method> <!-- tearDown -->
      </class> <!-- testcases.Login -->
    </test> <!-- Default test -->
  </suite> <!-- Default suite -->
</testng-results>
